<?xml version="1.0" encoding="UTF-8"?><testsuite errors="1" failures="0" name="Simular Api" skipped="0" tests="1" time="16.12" timestamp="2022-08-07 05:45:45"><testcase name="Validar servicio de API SIMULADOR"><error type="java.lang.NullPointerException"/><system-err>null&#13;
co.com.segurossura.certification.soat.stepdefinitions.FrontStepDefinition.cuandoLleneLaInformaciónNecesarioParLaSimulación(FrontStepDefinition.java:16)&#13;
✽.cuando llene la información necesario par la simulación(file:///C:/Automatizaciones/Proyectos_Automatizacion/ApiVecindarioBDD/src/test/resources/features/front.feature:10)&#13;
</system-err></testcase></testsuite>